{"C:\\Users\\Pedro\\OneDrive\\Área de Trabalho\\Labenu2023\\Projeto-LabEddit\\LabEddit-Backend\\LabEddit-backend\\src\\types.ts": {"path":"C:\\Users\\Pedro\\OneDrive\\Área de Trabalho\\Labenu2023\\Projeto-LabEddit\\LabEddit-Backend\\LabEddit-backend\\src\\types.ts","statementMap":{"0":{"start":{"line":1,"column":0},"end":{"line":1,"column":null}},"1":{"start":{"line":2,"column":4},"end":{"line":2,"column":null}},"2":{"start":{"line":3,"column":4},"end":{"line":3,"column":null}},"3":{"start":{"line":72,"column":0},"end":{"line":72,"column":null}},"4":{"start":{"line":73,"column":4},"end":{"line":73,"column":null}},"5":{"start":{"line":74,"column":4},"end":{"line":74,"column":null}}},"fnMap":{"0":{"name":"(anonymous_0)","decl":{"start":{"line":1,"column":0},"end":{"line":1,"column":12}},"loc":{"start":{"line":1,"column":22},"end":{"line":4,"column":1}}},"1":{"name":"(anonymous_1)","decl":{"start":{"line":72,"column":0},"end":{"line":72,"column":12}},"loc":{"start":{"line":72,"column":21},"end":{"line":75,"column":1}}}},"branchMap":{"0":{"loc":{"start":{"line":1,"column":12},"end":{"line":1,"column":null}},"type":"binary-expr","locations":[{"start":{"line":1,"column":12},"end":{"line":1,"column":22}},{"start":{"line":1,"column":12},"end":{"line":1,"column":null}}]},"1":{"loc":{"start":{"line":72,"column":12},"end":{"line":72,"column":null}},"type":"binary-expr","locations":[{"start":{"line":72,"column":12},"end":{"line":72,"column":21}},{"start":{"line":72,"column":12},"end":{"line":72,"column":null}}]}},"s":{"0":3,"1":3,"2":3,"3":3,"4":3,"5":3},"f":{"0":3,"1":3},"b":{"0":[3,3],"1":[3,3]}}
,"C:\\Users\\Pedro\\OneDrive\\Área de Trabalho\\Labenu2023\\Projeto-LabEddit\\LabEddit-Backend\\LabEddit-backend\\src\\business\\UserBusiness.ts": {"path":"C:\\Users\\Pedro\\OneDrive\\Área de Trabalho\\Labenu2023\\Projeto-LabEddit\\LabEddit-Backend\\LabEddit-backend\\src\\business\\UserBusiness.ts","statementMap":{"0":{"start":{"line":3,"column":0},"end":{"line":3,"column":60}},"1":{"start":{"line":4,"column":0},"end":{"line":4,"column":51}},"2":{"start":{"line":5,"column":0},"end":{"line":5,"column":56}},"3":{"start":{"line":6,"column":0},"end":{"line":6,"column":38}},"4":{"start":{"line":10,"column":0},"end":{"line":10,"column":60}},"5":{"start":{"line":15,"column":15},"end":{"line":15,"column":41}},"6":{"start":{"line":16,"column":16},"end":{"line":16,"column":40}},"7":{"start":{"line":17,"column":16},"end":{"line":17,"column":42}},"8":{"start":{"line":18,"column":16},"end":{"line":18,"column":40}},"9":{"start":{"line":21,"column":11},"end":{"line":50,"column":null}},"10":{"start":{"line":21,"column":43},"end":{"line":50,"column":null}},"11":{"start":{"line":22,"column":29},"end":{"line":22,"column":34}},"12":{"start":{"line":24,"column":8},"end":{"line":26,"column":null}},"13":{"start":{"line":25,"column":12},"end":{"line":25,"column":null}},"14":{"start":{"line":28,"column":24},"end":{"line":28,"column":59}},"15":{"start":{"line":30,"column":8},"end":{"line":32,"column":null}},"16":{"start":{"line":31,"column":12},"end":{"line":31,"column":null}},"17":{"start":{"line":34,"column":8},"end":{"line":36,"column":null}},"18":{"start":{"line":35,"column":12},"end":{"line":35,"column":null}},"19":{"start":{"line":38,"column":24},"end":{"line":38,"column":60}},"20":{"start":{"line":40,"column":30},"end":{"line":47,"column":10}},"21":{"start":{"line":40,"column":54},"end":{"line":46,"column":null}},"22":{"start":{"line":49,"column":8},"end":{"line":49,"column":null}},"23":{"start":{"line":52,"column":11},"end":{"line":114,"column":null}},"24":{"start":{"line":52,"column":60},"end":{"line":114,"column":null}},"25":{"start":{"line":54,"column":46},"end":{"line":54,"column":51}},"26":{"start":{"line":56,"column":8},"end":{"line":58,"column":null}},"27":{"start":{"line":57,"column":12},"end":{"line":57,"column":null}},"28":{"start":{"line":60,"column":8},"end":{"line":62,"column":null}},"29":{"start":{"line":61,"column":12},"end":{"line":61,"column":null}},"30":{"start":{"line":64,"column":8},"end":{"line":66,"column":null}},"31":{"start":{"line":65,"column":12},"end":{"line":65,"column":null}},"32":{"start":{"line":68,"column":8},"end":{"line":70,"column":null}},"33":{"start":{"line":69,"column":12},"end":{"line":69,"column":null}},"34":{"start":{"line":72,"column":8},"end":{"line":74,"column":null}},"35":{"start":{"line":73,"column":12},"end":{"line":73,"column":null}},"36":{"start":{"line":76,"column":59},"end":{"line":76,"column":103}},"37":{"start":{"line":78,"column":8},"end":{"line":80,"column":null}},"38":{"start":{"line":79,"column":12},"end":{"line":79,"column":null}},"39":{"start":{"line":82,"column":19},"end":{"line":82,"column":46}},"40":{"start":{"line":83,"column":31},"end":{"line":83,"column":68}},"41":{"start":{"line":84,"column":21},"end":{"line":84,"column":38}},"42":{"start":{"line":85,"column":26},"end":{"line":85,"column":50}},"43":{"start":{"line":87,"column":24},"end":{"line":93,"column":null}},"44":{"start":{"line":96,"column":26},"end":{"line":96,"column":45}},"45":{"start":{"line":98,"column":8},"end":{"line":98,"column":null}},"46":{"start":{"line":100,"column":38},"end":{"line":104,"column":null}},"47":{"start":{"line":106,"column":22},"end":{"line":106,"column":60}},"48":{"start":{"line":108,"column":44},"end":{"line":111,"column":null}},"49":{"start":{"line":113,"column":8},"end":{"line":113,"column":null}},"50":{"start":{"line":116,"column":11},"end":{"line":165,"column":null}},"51":{"start":{"line":116,"column":75},"end":{"line":165,"column":null}},"52":{"start":{"line":118,"column":36},"end":{"line":118,"column":41}},"53":{"start":{"line":120,"column":8},"end":{"line":122,"column":null}},"54":{"start":{"line":121,"column":12},"end":{"line":121,"column":null}},"55":{"start":{"line":124,"column":8},"end":{"line":126,"column":null}},"56":{"start":{"line":125,"column":12},"end":{"line":125,"column":null}},"57":{"start":{"line":128,"column":43},"end":{"line":128,"column":87}},"58":{"start":{"line":130,"column":8},"end":{"line":132,"column":null}},"59":{"start":{"line":131,"column":12},"end":{"line":131,"column":null}},"60":{"start":{"line":134,"column":24},"end":{"line":140,"column":null}},"61":{"start":{"line":143,"column":31},"end":{"line":143,"column":52}},"62":{"start":{"line":145,"column":32},"end":{"line":145,"column":88}},"63":{"start":{"line":147,"column":8},"end":{"line":149,"column":null}},"64":{"start":{"line":148,"column":12},"end":{"line":148,"column":null}},"65":{"start":{"line":151,"column":38},"end":{"line":155,"column":null}},"66":{"start":{"line":157,"column":22},"end":{"line":157,"column":60}},"67":{"start":{"line":159,"column":39},"end":{"line":162,"column":null}},"68":{"start":{"line":164,"column":8},"end":{"line":164,"column":null}},"69":{"start":{"line":13,"column":0},"end":{"line":13,"column":13}}},"fnMap":{"0":{"name":"(anonymous_7)","decl":{"start":{"line":14,"column":4},"end":{"line":14,"column":null}},"loc":{"start":{"line":18,"column":40},"end":{"line":19,"column":7}}},"1":{"name":"(anonymous_8)","decl":{"start":{"line":21,"column":22},"end":{"line":21,"column":29}},"loc":{"start":{"line":21,"column":43},"end":{"line":50,"column":null}}},"2":{"name":"(anonymous_9)","decl":{"start":{"line":21,"column":43},"end":{"line":21,"column":null}},"loc":{"start":{"line":21,"column":43},"end":{"line":50,"column":5}}},"3":{"name":"(anonymous_10)","decl":{"start":{"line":40,"column":42},"end":{"line":40,"column":43}},"loc":{"start":{"line":40,"column":54},"end":{"line":46,"column":null}}},"4":{"name":"(anonymous_11)","decl":{"start":{"line":52,"column":24},"end":{"line":52,"column":31}},"loc":{"start":{"line":52,"column":60},"end":{"line":114,"column":null}}},"5":{"name":"(anonymous_12)","decl":{"start":{"line":52,"column":60},"end":{"line":52,"column":null}},"loc":{"start":{"line":52,"column":60},"end":{"line":114,"column":5}}},"6":{"name":"(anonymous_13)","decl":{"start":{"line":116,"column":19},"end":{"line":116,"column":26}},"loc":{"start":{"line":116,"column":75},"end":{"line":165,"column":null}}},"7":{"name":"(anonymous_14)","decl":{"start":{"line":116,"column":75},"end":{"line":116,"column":null}},"loc":{"start":{"line":116,"column":75},"end":{"line":165,"column":5}}}},"branchMap":{"0":{"loc":{"start":{"line":24,"column":8},"end":{"line":26,"column":null}},"type":"if","locations":[{"start":{"line":24,"column":8},"end":{"line":26,"column":null}}]},"1":{"loc":{"start":{"line":30,"column":8},"end":{"line":32,"column":null}},"type":"if","locations":[{"start":{"line":30,"column":8},"end":{"line":32,"column":null}}]},"2":{"loc":{"start":{"line":34,"column":8},"end":{"line":36,"column":null}},"type":"if","locations":[{"start":{"line":34,"column":8},"end":{"line":36,"column":null}}]},"3":{"loc":{"start":{"line":56,"column":8},"end":{"line":58,"column":null}},"type":"if","locations":[{"start":{"line":56,"column":8},"end":{"line":58,"column":null}}]},"4":{"loc":{"start":{"line":60,"column":8},"end":{"line":62,"column":null}},"type":"if","locations":[{"start":{"line":60,"column":8},"end":{"line":62,"column":null}}]},"5":{"loc":{"start":{"line":64,"column":8},"end":{"line":66,"column":null}},"type":"if","locations":[{"start":{"line":64,"column":8},"end":{"line":66,"column":null}}]},"6":{"loc":{"start":{"line":68,"column":8},"end":{"line":70,"column":null}},"type":"if","locations":[{"start":{"line":68,"column":8},"end":{"line":70,"column":null}}]},"7":{"loc":{"start":{"line":72,"column":8},"end":{"line":74,"column":null}},"type":"if","locations":[{"start":{"line":72,"column":8},"end":{"line":74,"column":null}}]},"8":{"loc":{"start":{"line":78,"column":8},"end":{"line":80,"column":null}},"type":"if","locations":[{"start":{"line":78,"column":8},"end":{"line":80,"column":null}}]},"9":{"loc":{"start":{"line":120,"column":8},"end":{"line":122,"column":null}},"type":"if","locations":[{"start":{"line":120,"column":8},"end":{"line":122,"column":null}}]},"10":{"loc":{"start":{"line":124,"column":8},"end":{"line":126,"column":null}},"type":"if","locations":[{"start":{"line":124,"column":8},"end":{"line":126,"column":null}}]},"11":{"loc":{"start":{"line":130,"column":8},"end":{"line":132,"column":null}},"type":"if","locations":[{"start":{"line":130,"column":8},"end":{"line":132,"column":null}}]},"12":{"loc":{"start":{"line":147,"column":8},"end":{"line":149,"column":null}},"type":"if","locations":[{"start":{"line":147,"column":8},"end":{"line":149,"column":null}}]}},"s":{"0":3,"1":3,"2":3,"3":3,"4":3,"5":3,"6":3,"7":3,"8":3,"9":3,"10":4,"11":4,"12":4,"13":1,"14":3,"15":3,"16":1,"17":2,"18":1,"19":1,"20":1,"21":2,"22":1,"23":3,"24":9,"25":9,"26":9,"27":1,"28":8,"29":1,"30":7,"31":1,"32":6,"33":1,"34":5,"35":2,"36":3,"37":3,"38":2,"39":1,"40":1,"41":1,"42":1,"43":1,"44":1,"45":1,"46":1,"47":1,"48":1,"49":1,"50":3,"51":6,"52":6,"53":6,"54":1,"55":5,"56":1,"57":4,"58":4,"59":1,"60":3,"61":3,"62":3,"63":3,"64":1,"65":2,"66":2,"67":2,"68":2,"69":3},"f":{"0":3,"1":4,"2":4,"3":2,"4":9,"5":9,"6":6,"7":6},"b":{"0":[1],"1":[1],"2":[1],"3":[1],"4":[1],"5":[1],"6":[1],"7":[2],"8":[2],"9":[1],"10":[1],"11":[1],"12":[1]}}
,"C:\\Users\\Pedro\\OneDrive\\Área de Trabalho\\Labenu2023\\Projeto-LabEddit\\LabEddit-Backend\\LabEddit-backend\\src\\database\\BaseDatabase.ts": {"path":"C:\\Users\\Pedro\\OneDrive\\Área de Trabalho\\Labenu2023\\Projeto-LabEddit\\LabEddit-Backend\\LabEddit-backend\\src\\database\\BaseDatabase.ts","statementMap":{"0":{"start":{"line":1,"column":0},"end":{"line":1,"column":27}},"1":{"start":{"line":2,"column":0},"end":{"line":2,"column":27}},"2":{"start":{"line":4,"column":0},"end":{"line":4,"column":null}},"3":{"start":{"line":6,"column":0},"end":{"line":6,"column":22}},"4":{"start":{"line":7,"column":21},"end":{"line":20,"column":null}},"5":{"start":{"line":17,"column":16},"end":{"line":17,"column":null}}},"fnMap":{"0":{"name":"(anonymous_1)","decl":{"start":{"line":16,"column":25},"end":{"line":16,"column":26}},"loc":{"start":{"line":16,"column":48},"end":{"line":18,"column":13}}}},"branchMap":{},"s":{"0":3,"1":3,"2":3,"3":3,"4":3,"5":0},"f":{"0":0},"b":{}}
,"C:\\Users\\Pedro\\OneDrive\\Área de Trabalho\\Labenu2023\\Projeto-LabEddit\\LabEddit-Backend\\LabEddit-backend\\src\\errors\\BadRequestError.ts": {"path":"C:\\Users\\Pedro\\OneDrive\\Área de Trabalho\\Labenu2023\\Projeto-LabEddit\\LabEddit-Backend\\LabEddit-backend\\src\\errors\\BadRequestError.ts","statementMap":{"0":{"start":{"line":1,"column":0},"end":{"line":1,"column":40}},"1":{"start":{"line":7,"column":8},"end":{"line":7,"column":null}},"2":{"start":{"line":3,"column":0},"end":{"line":3,"column":13}}},"fnMap":{"0":{"name":"(anonymous_0)","decl":{"start":{"line":4,"column":4},"end":{"line":4,"column":null}},"loc":{"start":{"line":5,"column":47},"end":{"line":8,"column":5}}}},"branchMap":{"0":{"loc":{"start":{"line":5,"column":8},"end":{"line":5,"column":47}},"type":"default-arg","locations":[{"start":{"line":5,"column":26},"end":{"line":5,"column":47}}]}},"s":{"0":3,"1":12,"2":3},"f":{"0":12},"b":{"0":[0]}}
,"C:\\Users\\Pedro\\OneDrive\\Área de Trabalho\\Labenu2023\\Projeto-LabEddit\\LabEddit-Backend\\LabEddit-backend\\src\\errors\\BaseError.ts": {"path":"C:\\Users\\Pedro\\OneDrive\\Área de Trabalho\\Labenu2023\\Projeto-LabEddit\\LabEddit-Backend\\LabEddit-backend\\src\\errors\\BaseError.ts","statementMap":{"0":{"start":{"line":6,"column":8},"end":{"line":6,"column":null}},"1":{"start":{"line":3,"column":15},"end":{"line":3,"column":33}},"2":{"start":{"line":1,"column":0},"end":{"line":1,"column":22}}},"fnMap":{"0":{"name":"(anonymous_0)","decl":{"start":{"line":2,"column":4},"end":{"line":2,"column":null}},"loc":{"start":{"line":4,"column":23},"end":{"line":7,"column":5}}}},"branchMap":{},"s":{"0":15,"1":15,"2":3},"f":{"0":15},"b":{}}
,"C:\\Users\\Pedro\\OneDrive\\Área de Trabalho\\Labenu2023\\Projeto-LabEddit\\LabEddit-Backend\\LabEddit-backend\\src\\errors\\Conflict.ts": {"path":"C:\\Users\\Pedro\\OneDrive\\Área de Trabalho\\Labenu2023\\Projeto-LabEddit\\LabEddit-Backend\\LabEddit-backend\\src\\errors\\Conflict.ts","statementMap":{"0":{"start":{"line":1,"column":0},"end":{"line":1,"column":40}},"1":{"start":{"line":7,"column":8},"end":{"line":7,"column":null}},"2":{"start":{"line":3,"column":0},"end":{"line":3,"column":13}}},"fnMap":{"0":{"name":"(anonymous_0)","decl":{"start":{"line":4,"column":4},"end":{"line":4,"column":null}},"loc":{"start":{"line":5,"column":50},"end":{"line":8,"column":5}}}},"branchMap":{"0":{"loc":{"start":{"line":5,"column":8},"end":{"line":5,"column":50}},"type":"default-arg","locations":[{"start":{"line":5,"column":26},"end":{"line":5,"column":50}}]}},"s":{"0":3,"1":2,"2":3},"f":{"0":2},"b":{"0":[0]}}
,"C:\\Users\\Pedro\\OneDrive\\Área de Trabalho\\Labenu2023\\Projeto-LabEddit\\LabEddit-Backend\\LabEddit-backend\\src\\errors\\NotFoundError.ts": {"path":"C:\\Users\\Pedro\\OneDrive\\Área de Trabalho\\Labenu2023\\Projeto-LabEddit\\LabEddit-Backend\\LabEddit-backend\\src\\errors\\NotFoundError.ts","statementMap":{"0":{"start":{"line":1,"column":0},"end":{"line":1,"column":40}},"1":{"start":{"line":7,"column":8},"end":{"line":7,"column":null}},"2":{"start":{"line":3,"column":0},"end":{"line":3,"column":13}}},"fnMap":{"0":{"name":"(anonymous_0)","decl":{"start":{"line":4,"column":4},"end":{"line":4,"column":null}},"loc":{"start":{"line":5,"column":50},"end":{"line":8,"column":5}}}},"branchMap":{"0":{"loc":{"start":{"line":5,"column":8},"end":{"line":5,"column":50}},"type":"default-arg","locations":[{"start":{"line":5,"column":26},"end":{"line":5,"column":50}}]}},"s":{"0":3,"1":1,"2":3},"f":{"0":1},"b":{"0":[0]}}
,"C:\\Users\\Pedro\\OneDrive\\Área de Trabalho\\Labenu2023\\Projeto-LabEddit\\LabEddit-Backend\\LabEddit-backend\\src\\models\\User.ts": {"path":"C:\\Users\\Pedro\\OneDrive\\Área de Trabalho\\Labenu2023\\Projeto-LabEddit\\LabEddit-Backend\\LabEddit-backend\\src\\models\\User.ts","statementMap":{"0":{"start":{"line":5,"column":16},"end":{"line":5,"column":26}},"1":{"start":{"line":6,"column":16},"end":{"line":6,"column":32}},"2":{"start":{"line":7,"column":16},"end":{"line":7,"column":29}},"3":{"start":{"line":8,"column":16},"end":{"line":8,"column":32}},"4":{"start":{"line":9,"column":16},"end":{"line":9,"column":32}},"5":{"start":{"line":10,"column":16},"end":{"line":10,"column":33}},"6":{"start":{"line":14,"column":8},"end":{"line":14,"column":null}},"7":{"start":{"line":18,"column":8},"end":{"line":18,"column":null}},"8":{"start":{"line":22,"column":8},"end":{"line":22,"column":null}},"9":{"start":{"line":26,"column":8},"end":{"line":26,"column":null}},"10":{"start":{"line":30,"column":8},"end":{"line":30,"column":null}},"11":{"start":{"line":34,"column":8},"end":{"line":34,"column":null}},"12":{"start":{"line":38,"column":8},"end":{"line":38,"column":null}},"13":{"start":{"line":42,"column":8},"end":{"line":42,"column":null}},"14":{"start":{"line":46,"column":8},"end":{"line":46,"column":null}},"15":{"start":{"line":50,"column":8},"end":{"line":50,"column":null}},"16":{"start":{"line":54,"column":8},"end":{"line":54,"column":null}},"17":{"start":{"line":58,"column":8},"end":{"line":58,"column":null}},"18":{"start":{"line":62,"column":8},"end":{"line":69,"column":null}},"19":{"start":{"line":73,"column":8},"end":{"line":80,"column":null}},"20":{"start":{"line":3,"column":0},"end":{"line":3,"column":13}}},"fnMap":{"0":{"name":"(anonymous_0)","decl":{"start":{"line":4,"column":4},"end":{"line":4,"column":null}},"loc":{"start":{"line":10,"column":33},"end":{"line":11,"column":7}}},"1":{"name":"(anonymous_1)","decl":{"start":{"line":13,"column":11},"end":{"line":13,"column":16}},"loc":{"start":{"line":13,"column":16},"end":{"line":15,"column":5}}},"2":{"name":"(anonymous_2)","decl":{"start":{"line":17,"column":11},"end":{"line":17,"column":16}},"loc":{"start":{"line":17,"column":30},"end":{"line":19,"column":5}}},"3":{"name":"(anonymous_3)","decl":{"start":{"line":21,"column":11},"end":{"line":21,"column":22}},"loc":{"start":{"line":21,"column":22},"end":{"line":23,"column":5}}},"4":{"name":"(anonymous_4)","decl":{"start":{"line":25,"column":11},"end":{"line":25,"column":22}},"loc":{"start":{"line":25,"column":36},"end":{"line":27,"column":5}}},"5":{"name":"(anonymous_5)","decl":{"start":{"line":29,"column":11},"end":{"line":29,"column":19}},"loc":{"start":{"line":29,"column":19},"end":{"line":31,"column":5}}},"6":{"name":"(anonymous_6)","decl":{"start":{"line":33,"column":11},"end":{"line":33,"column":19}},"loc":{"start":{"line":33,"column":33},"end":{"line":35,"column":5}}},"7":{"name":"(anonymous_7)","decl":{"start":{"line":37,"column":11},"end":{"line":37,"column":22}},"loc":{"start":{"line":37,"column":22},"end":{"line":39,"column":5}}},"8":{"name":"(anonymous_8)","decl":{"start":{"line":41,"column":11},"end":{"line":41,"column":22}},"loc":{"start":{"line":41,"column":36},"end":{"line":43,"column":5}}},"9":{"name":"(anonymous_9)","decl":{"start":{"line":45,"column":11},"end":{"line":45,"column":18}},"loc":{"start":{"line":45,"column":18},"end":{"line":47,"column":5}}},"10":{"name":"(anonymous_10)","decl":{"start":{"line":49,"column":11},"end":{"line":49,"column":18}},"loc":{"start":{"line":49,"column":36},"end":{"line":51,"column":5}}},"11":{"name":"(anonymous_11)","decl":{"start":{"line":53,"column":11},"end":{"line":53,"column":23}},"loc":{"start":{"line":53,"column":23},"end":{"line":55,"column":5}}},"12":{"name":"(anonymous_12)","decl":{"start":{"line":57,"column":11},"end":{"line":57,"column":23}},"loc":{"start":{"line":57,"column":37},"end":{"line":59,"column":5}}},"13":{"name":"(anonymous_13)","decl":{"start":{"line":61,"column":11},"end":{"line":61,"column":20}},"loc":{"start":{"line":61,"column":20},"end":{"line":70,"column":5}}},"14":{"name":"(anonymous_14)","decl":{"start":{"line":72,"column":11},"end":{"line":72,"column":26}},"loc":{"start":{"line":72,"column":26},"end":{"line":81,"column":5}}}},"branchMap":{},"s":{"0":6,"1":6,"2":6,"3":6,"4":6,"5":6,"6":3,"7":0,"8":3,"9":0,"10":0,"11":0,"12":3,"13":0,"14":3,"15":0,"16":0,"17":0,"18":1,"19":0,"20":3},"f":{"0":6,"1":3,"2":0,"3":3,"4":0,"5":0,"6":0,"7":3,"8":0,"9":3,"10":0,"11":0,"12":0,"13":1,"14":0},"b":{}}
,"C:\\Users\\Pedro\\OneDrive\\Área de Trabalho\\Labenu2023\\Projeto-LabEddit\\LabEddit-Backend\\LabEddit-backend\\tests\\mocks\\HashManagerMock.ts": {"path":"C:\\Users\\Pedro\\OneDrive\\Área de Trabalho\\Labenu2023\\Projeto-LabEddit\\LabEddit-Backend\\LabEddit-backend\\tests\\mocks\\HashManagerMock.ts","statementMap":{"0":{"start":{"line":2,"column":11},"end":{"line":8,"column":null}},"1":{"start":{"line":2,"column":63},"end":{"line":8,"column":null}},"2":{"start":{"line":3,"column":8},"end":{"line":5,"column":null}},"3":{"start":{"line":4,"column":12},"end":{"line":4,"column":null}},"4":{"start":{"line":7,"column":8},"end":{"line":7,"column":null}},"5":{"start":{"line":10,"column":11},"end":{"line":16,"column":null}},"6":{"start":{"line":10,"column":81},"end":{"line":16,"column":null}},"7":{"start":{"line":11,"column":8},"end":{"line":13,"column":null}},"8":{"start":{"line":12,"column":12},"end":{"line":12,"column":null}},"9":{"start":{"line":15,"column":8},"end":{"line":15,"column":null}},"10":{"start":{"line":1,"column":0},"end":{"line":1,"column":13}}},"fnMap":{"0":{"name":"(anonymous_7)","decl":{"start":{"line":1,"column":0},"end":{"line":1,"column":13}},"loc":{"start":{"line":1,"column":0},"end":{"line":17,"column":1}}},"1":{"name":"(anonymous_8)","decl":{"start":{"line":2,"column":18},"end":{"line":2,"column":25}},"loc":{"start":{"line":2,"column":63},"end":{"line":8,"column":null}}},"2":{"name":"(anonymous_9)","decl":{"start":{"line":2,"column":63},"end":{"line":2,"column":null}},"loc":{"start":{"line":2,"column":63},"end":{"line":8,"column":5}}},"3":{"name":"(anonymous_10)","decl":{"start":{"line":10,"column":21},"end":{"line":10,"column":28}},"loc":{"start":{"line":10,"column":81},"end":{"line":16,"column":null}}},"4":{"name":"(anonymous_11)","decl":{"start":{"line":10,"column":81},"end":{"line":10,"column":null}},"loc":{"start":{"line":10,"column":81},"end":{"line":16,"column":5}}}},"branchMap":{"0":{"loc":{"start":{"line":3,"column":8},"end":{"line":5,"column":null}},"type":"if","locations":[{"start":{"line":3,"column":8},"end":{"line":5,"column":null}}]},"1":{"loc":{"start":{"line":11,"column":8},"end":{"line":13,"column":null}},"type":"if","locations":[{"start":{"line":11,"column":8},"end":{"line":13,"column":null}}]},"2":{"loc":{"start":{"line":11,"column":12},"end":{"line":11,"column":61}},"type":"binary-expr","locations":[{"start":{"line":11,"column":12},"end":{"line":11,"column":35}},{"start":{"line":11,"column":39},"end":{"line":11,"column":61}}]}},"s":{"0":3,"1":1,"2":1,"3":1,"4":0,"5":3,"6":3,"7":3,"8":2,"9":1,"10":3},"f":{"0":3,"1":1,"2":1,"3":3,"4":3},"b":{"0":[1],"1":[2],"2":[3,2]}}
,"C:\\Users\\Pedro\\OneDrive\\Área de Trabalho\\Labenu2023\\Projeto-LabEddit\\LabEddit-Backend\\LabEddit-backend\\tests\\mocks\\IdGeneratorMock.ts": {"path":"C:\\Users\\Pedro\\OneDrive\\Área de Trabalho\\Labenu2023\\Projeto-LabEddit\\LabEddit-Backend\\LabEddit-backend\\tests\\mocks\\IdGeneratorMock.ts","statementMap":{"0":{"start":{"line":3,"column":8},"end":{"line":3,"column":null}},"1":{"start":{"line":1,"column":0},"end":{"line":1,"column":13}}},"fnMap":{"0":{"name":"(anonymous_0)","decl":{"start":{"line":2,"column":11},"end":{"line":2,"column":19}},"loc":{"start":{"line":2,"column":19},"end":{"line":4,"column":5}}}},"branchMap":{},"s":{"0":1,"1":3},"f":{"0":1},"b":{}}
,"C:\\Users\\Pedro\\OneDrive\\Área de Trabalho\\Labenu2023\\Projeto-LabEddit\\LabEddit-Backend\\LabEddit-backend\\tests\\mocks\\TokenManagerMock.ts": {"path":"C:\\Users\\Pedro\\OneDrive\\Área de Trabalho\\Labenu2023\\Projeto-LabEddit\\LabEddit-Backend\\LabEddit-backend\\tests\\mocks\\TokenManagerMock.ts","statementMap":{"0":{"start":{"line":1,"column":0},"end":{"line":1,"column":58}},"1":{"start":{"line":5,"column":11},"end":{"line":11,"column":null}},"2":{"start":{"line":6,"column":8},"end":{"line":10,"column":null}},"3":{"start":{"line":7,"column":12},"end":{"line":7,"column":null}},"4":{"start":{"line":9,"column":12},"end":{"line":9,"column":null}},"5":{"start":{"line":13,"column":11},"end":{"line":31,"column":null}},"6":{"start":{"line":14,"column":8},"end":{"line":30,"column":null}},"7":{"start":{"line":15,"column":12},"end":{"line":19,"column":null}},"8":{"start":{"line":21,"column":15},"end":{"line":30,"column":null}},"9":{"start":{"line":22,"column":12},"end":{"line":26,"column":null}},"10":{"start":{"line":29,"column":12},"end":{"line":29,"column":null}},"11":{"start":{"line":3,"column":0},"end":{"line":3,"column":13}}},"fnMap":{"0":{"name":"(anonymous_0)","decl":{"start":{"line":3,"column":0},"end":{"line":3,"column":13}},"loc":{"start":{"line":3,"column":0},"end":{"line":32,"column":1}}},"1":{"name":"(anonymous_1)","decl":{"start":{"line":5,"column":25},"end":{"line":5,"column":26}},"loc":{"start":{"line":5,"column":59},"end":{"line":11,"column":5}}},"2":{"name":"(anonymous_2)","decl":{"start":{"line":13,"column":24},"end":{"line":13,"column":25}},"loc":{"start":{"line":13,"column":63},"end":{"line":31,"column":5}}}},"branchMap":{"0":{"loc":{"start":{"line":6,"column":8},"end":{"line":10,"column":null}},"type":"if","locations":[{"start":{"line":6,"column":8},"end":{"line":10,"column":null}},{"start":{"line":8,"column":15},"end":{"line":10,"column":null}}]},"1":{"loc":{"start":{"line":14,"column":8},"end":{"line":30,"column":null}},"type":"if","locations":[{"start":{"line":14,"column":8},"end":{"line":30,"column":null}},{"start":{"line":21,"column":15},"end":{"line":30,"column":null}}]},"2":{"loc":{"start":{"line":21,"column":15},"end":{"line":30,"column":null}},"type":"if","locations":[{"start":{"line":21,"column":15},"end":{"line":30,"column":null}},{"start":{"line":28,"column":15},"end":{"line":30,"column":null}}]}},"s":{"0":3,"1":3,"2":3,"3":2,"4":1,"5":3,"6":3,"7":1,"8":2,"9":1,"10":1,"11":3},"f":{"0":3,"1":3,"2":3},"b":{"0":[2,1],"1":[1,2],"2":[1,1]}}
,"C:\\Users\\Pedro\\OneDrive\\Área de Trabalho\\Labenu2023\\Projeto-LabEddit\\LabEddit-Backend\\LabEddit-backend\\tests\\mocks\\UserDatabaseMock.ts": {"path":"C:\\Users\\Pedro\\OneDrive\\Área de Trabalho\\Labenu2023\\Projeto-LabEddit\\LabEddit-Backend\\LabEddit-backend\\tests\\mocks\\UserDatabaseMock.ts","statementMap":{"0":{"start":{"line":1,"column":0},"end":{"line":1,"column":62}},"1":{"start":{"line":2,"column":0},"end":{"line":2,"column":52}},"2":{"start":{"line":74,"column":11},"end":{"line":97,"column":null}},"3":{"start":{"line":74,"column":81},"end":{"line":97,"column":null}},"4":{"start":{"line":75,"column":8},"end":{"line":96,"column":null}},"5":{"start":{"line":77,"column":16},"end":{"line":84,"column":null}},"6":{"start":{"line":86,"column":16},"end":{"line":93,"column":null}},"7":{"start":{"line":95,"column":16},"end":{"line":95,"column":null}},"8":{"start":{"line":99,"column":11},"end":{"line":100,"column":null}},"9":{"start":{"line":99,"column":64},"end":{"line":100,"column":null}},"10":{"start":{"line":8,"column":8},"end":{"line":46,"column":null}},"11":{"start":{"line":9,"column":12},"end":{"line":26,"column":null}},"12":{"start":{"line":28,"column":13},"end":{"line":45,"column":null}},"13":{"start":{"line":50,"column":8},"end":{"line":71,"column":null}},"14":{"start":{"line":52,"column":16},"end":{"line":59,"column":null}},"15":{"start":{"line":61,"column":16},"end":{"line":68,"column":null}},"16":{"start":{"line":70,"column":16},"end":{"line":70,"column":null}},"17":{"start":{"line":4,"column":0},"end":{"line":4,"column":13}},"18":{"start":{"line":5,"column":18},"end":{"line":5,"column":null}}},"fnMap":{"0":{"name":"(anonymous_7)","decl":{"start":{"line":4,"column":0},"end":{"line":4,"column":13}},"loc":{"start":{"line":4,"column":0},"end":{"line":101,"column":1}}},"1":{"name":"(anonymous_8)","decl":{"start":{"line":74,"column":27},"end":{"line":74,"column":34}},"loc":{"start":{"line":74,"column":81},"end":{"line":97,"column":null}}},"2":{"name":"(anonymous_9)","decl":{"start":{"line":74,"column":81},"end":{"line":74,"column":null}},"loc":{"start":{"line":74,"column":81},"end":{"line":97,"column":5}}},"3":{"name":"(anonymous_10)","decl":{"start":{"line":99,"column":24},"end":{"line":99,"column":31}},"loc":{"start":{"line":99,"column":64},"end":{"line":100,"column":null}}},"4":{"name":"(anonymous_11)","decl":{"start":{"line":99,"column":64},"end":{"line":99,"column":null}},"loc":{"start":{"line":99,"column":64},"end":{"line":100,"column":5}}},"5":{"name":"(anonymous_12)","decl":{"start":{"line":7,"column":17},"end":{"line":7,"column":26}},"loc":{"start":{"line":7,"column":48},"end":{"line":47,"column":null}}},"6":{"name":"(anonymous_14)","decl":{"start":{"line":49,"column":17},"end":{"line":49,"column":29}},"loc":{"start":{"line":49,"column":40},"end":{"line":72,"column":null}}}},"branchMap":{"0":{"loc":{"start":{"line":75,"column":8},"end":{"line":96,"column":null}},"type":"switch","locations":[{"start":{"line":76,"column":12},"end":{"line":84,"column":null}},{"start":{"line":85,"column":12},"end":{"line":93,"column":null}},{"start":{"line":94,"column":12},"end":{"line":95,"column":null}}]},"1":{"loc":{"start":{"line":8,"column":8},"end":{"line":46,"column":null}},"type":"if","locations":[{"start":{"line":8,"column":8},"end":{"line":46,"column":null}},{"start":{"line":27,"column":15},"end":{"line":46,"column":null}}]},"2":{"loc":{"start":{"line":50,"column":8},"end":{"line":71,"column":null}},"type":"switch","locations":[{"start":{"line":51,"column":12},"end":{"line":59,"column":null}},{"start":{"line":60,"column":12},"end":{"line":68,"column":null}},{"start":{"line":69,"column":12},"end":{"line":70,"column":null}}]}},"s":{"0":3,"1":3,"2":3,"3":7,"4":7,"5":4,"6":1,"7":2,"8":3,"9":1,"10":1,"11":0,"12":1,"13":0,"14":0,"15":0,"16":0,"17":3,"18":3},"f":{"0":3,"1":7,"2":7,"3":1,"4":1,"5":1,"6":0},"b":{"0":[4,1,2],"1":[0,1],"2":[0,0,0]}}
}
