TN:
SF:src\types.ts
FN:1,(anonymous_0)
FN:72,(anonymous_1)
FNF:2
FNH:2
FNDA:3,(anonymous_0)
FNDA:3,(anonymous_1)
DA:1,3
DA:2,3
DA:3,3
DA:72,3
DA:73,3
DA:74,3
LF:6
LH:6
BRDA:1,0,0,3
BRDA:1,0,1,3
BRDA:72,1,0,3
BRDA:72,1,1,3
BRF:4
BRH:4
end_of_record
TN:
SF:src\business\UserBusiness.ts
FN:14,(anonymous_7)
FN:21,(anonymous_8)
FN:21,(anonymous_9)
FN:40,(anonymous_10)
FN:52,(anonymous_11)
FN:52,(anonymous_12)
FN:116,(anonymous_13)
FN:116,(anonymous_14)
FNF:8
FNH:8
FNDA:3,(anonymous_7)
FNDA:4,(anonymous_8)
FNDA:4,(anonymous_9)
FNDA:2,(anonymous_10)
FNDA:9,(anonymous_11)
FNDA:9,(anonymous_12)
FNDA:6,(anonymous_13)
FNDA:6,(anonymous_14)
DA:3,3
DA:4,3
DA:5,3
DA:6,3
DA:10,3
DA:13,3
DA:15,3
DA:16,3
DA:17,3
DA:18,3
DA:21,4
DA:22,4
DA:24,4
DA:25,1
DA:28,3
DA:30,3
DA:31,1
DA:34,2
DA:35,1
DA:38,1
DA:40,2
DA:49,1
DA:52,9
DA:54,9
DA:56,9
DA:57,1
DA:60,8
DA:61,1
DA:64,7
DA:65,1
DA:68,6
DA:69,1
DA:72,5
DA:73,2
DA:76,3
DA:78,3
DA:79,2
DA:82,1
DA:83,1
DA:84,1
DA:85,1
DA:87,1
DA:96,1
DA:98,1
DA:100,1
DA:106,1
DA:108,1
DA:113,1
DA:116,6
DA:118,6
DA:120,6
DA:121,1
DA:124,5
DA:125,1
DA:128,4
DA:130,4
DA:131,1
DA:134,3
DA:143,3
DA:145,3
DA:147,3
DA:148,1
DA:151,2
DA:157,2
DA:159,2
DA:164,2
LF:66
LH:66
BRDA:24,0,0,1
BRDA:30,1,0,1
BRDA:34,2,0,1
BRDA:56,3,0,1
BRDA:60,4,0,1
BRDA:64,5,0,1
BRDA:68,6,0,1
BRDA:72,7,0,2
BRDA:78,8,0,2
BRDA:120,9,0,1
BRDA:124,10,0,1
BRDA:130,11,0,1
BRDA:147,12,0,1
BRF:13
BRH:13
end_of_record
TN:
SF:src\database\BaseDatabase.ts
FN:16,(anonymous_1)
FNF:1
FNH:0
FNDA:0,(anonymous_1)
DA:1,3
DA:2,3
DA:4,3
DA:6,3
DA:7,3
DA:17,0
LF:6
LH:5
BRF:0
BRH:0
end_of_record
TN:
SF:src\errors\BadRequestError.ts
FN:4,(anonymous_0)
FNF:1
FNH:1
FNDA:12,(anonymous_0)
DA:1,3
DA:3,3
DA:7,12
LF:3
LH:3
BRDA:5,0,0,0
BRF:1
BRH:0
end_of_record
TN:
SF:src\errors\BaseError.ts
FN:2,(anonymous_0)
FNF:1
FNH:1
FNDA:15,(anonymous_0)
DA:1,3
DA:3,15
DA:6,15
LF:3
LH:3
BRF:0
BRH:0
end_of_record
TN:
SF:src\errors\Conflict.ts
FN:4,(anonymous_0)
FNF:1
FNH:1
FNDA:2,(anonymous_0)
DA:1,3
DA:3,3
DA:7,2
LF:3
LH:3
BRDA:5,0,0,0
BRF:1
BRH:0
end_of_record
TN:
SF:src\errors\NotFoundError.ts
FN:4,(anonymous_0)
FNF:1
FNH:1
FNDA:1,(anonymous_0)
DA:1,3
DA:3,3
DA:7,1
LF:3
LH:3
BRDA:5,0,0,0
BRF:1
BRH:0
end_of_record
TN:
SF:src\models\User.ts
FN:4,(anonymous_0)
FN:13,(anonymous_1)
FN:17,(anonymous_2)
FN:21,(anonymous_3)
FN:25,(anonymous_4)
FN:29,(anonymous_5)
FN:33,(anonymous_6)
FN:37,(anonymous_7)
FN:41,(anonymous_8)
FN:45,(anonymous_9)
FN:49,(anonymous_10)
FN:53,(anonymous_11)
FN:57,(anonymous_12)
FN:61,(anonymous_13)
FN:72,(anonymous_14)
FNF:15
FNH:6
FNDA:6,(anonymous_0)
FNDA:3,(anonymous_1)
FNDA:0,(anonymous_2)
FNDA:3,(anonymous_3)
FNDA:0,(anonymous_4)
FNDA:0,(anonymous_5)
FNDA:0,(anonymous_6)
FNDA:3,(anonymous_7)
FNDA:0,(anonymous_8)
FNDA:3,(anonymous_9)
FNDA:0,(anonymous_10)
FNDA:0,(anonymous_11)
FNDA:0,(anonymous_12)
FNDA:1,(anonymous_13)
FNDA:0,(anonymous_14)
DA:3,3
DA:5,6
DA:6,6
DA:7,6
DA:8,6
DA:9,6
DA:10,6
DA:14,3
DA:18,0
DA:22,3
DA:26,0
DA:30,0
DA:34,0
DA:38,3
DA:42,0
DA:46,3
DA:50,0
DA:54,0
DA:58,0
DA:62,1
DA:73,0
LF:21
LH:12
BRF:0
BRH:0
end_of_record
TN:
SF:tests\mocks\HashManagerMock.ts
FN:1,(anonymous_7)
FN:2,(anonymous_8)
FN:2,(anonymous_9)
FN:10,(anonymous_10)
FN:10,(anonymous_11)
FNF:5
FNH:5
FNDA:3,(anonymous_7)
FNDA:1,(anonymous_8)
FNDA:1,(anonymous_9)
FNDA:3,(anonymous_10)
FNDA:3,(anonymous_11)
DA:1,3
DA:2,3
DA:3,1
DA:4,1
DA:7,0
DA:10,3
DA:11,3
DA:12,2
DA:15,1
LF:9
LH:8
BRDA:3,0,0,1
BRDA:11,1,0,2
BRDA:11,2,0,3
BRDA:11,2,1,2
BRF:4
BRH:4
end_of_record
TN:
SF:tests\mocks\IdGeneratorMock.ts
FN:2,(anonymous_0)
FNF:1
FNH:1
FNDA:1,(anonymous_0)
DA:1,3
DA:3,1
LF:2
LH:2
BRF:0
BRH:0
end_of_record
TN:
SF:tests\mocks\TokenManagerMock.ts
FN:3,(anonymous_0)
FN:5,(anonymous_1)
FN:13,(anonymous_2)
FNF:3
FNH:3
FNDA:3,(anonymous_0)
FNDA:3,(anonymous_1)
FNDA:3,(anonymous_2)
DA:1,3
DA:3,3
DA:5,3
DA:6,3
DA:7,2
DA:9,1
DA:13,3
DA:14,3
DA:15,1
DA:21,2
DA:22,1
DA:29,1
LF:12
LH:12
BRDA:6,0,0,2
BRDA:6,0,1,1
BRDA:14,1,0,1
BRDA:14,1,1,2
BRDA:21,2,0,1
BRDA:21,2,1,1
BRF:6
BRH:6
end_of_record
TN:
SF:tests\mocks\UserDatabaseMock.ts
FN:4,(anonymous_7)
FN:74,(anonymous_8)
FN:74,(anonymous_9)
FN:99,(anonymous_10)
FN:99,(anonymous_11)
FN:7,(anonymous_12)
FN:49,(anonymous_14)
FNF:7
FNH:6
FNDA:3,(anonymous_7)
FNDA:7,(anonymous_8)
FNDA:7,(anonymous_9)
FNDA:1,(anonymous_10)
FNDA:1,(anonymous_11)
FNDA:1,(anonymous_12)
FNDA:0,(anonymous_14)
DA:1,3
DA:2,3
DA:4,3
DA:5,3
DA:8,1
DA:9,0
DA:28,1
DA:50,0
DA:52,0
DA:61,0
DA:70,0
DA:74,7
DA:75,7
DA:77,4
DA:86,1
DA:95,2
DA:99,3
LF:17
LH:12
BRDA:75,0,0,4
BRDA:75,0,1,1
BRDA:75,0,2,2
BRDA:8,1,0,0
BRDA:8,1,1,1
BRDA:50,2,0,0
BRDA:50,2,1,0
BRDA:50,2,2,0
BRF:8
BRH:4
end_of_record
